<html>
<head>
<title>TestNG:  EmployeeRestAPITest</title>
<link href="../testng.css" rel="stylesheet" type="text/css" />
<link href="../my-testng.css" rel="stylesheet" type="text/css" />

<style type="text/css">
.log { display: none;} 
.stack-trace { display: none;} 
</style>
<script type="text/javascript">
<!--
function flip(e) {
  current = e.style.display;
  if (current == 'block') {
    e.style.display = 'none';
    return 0;
  }
  else {
    e.style.display = 'block';
    return 1;
  }
}

function toggleBox(szDivId, elem, msg1, msg2)
{
  var res = -1;  if (document.getElementById) {
    res = flip(document.getElementById(szDivId));
  }
  else if (document.all) {
    // this is the way old msie versions work
    res = flip(document.all[szDivId]);
  }
  if(elem) {
    if(res == 0) elem.innerHTML = msg1; else elem.innerHTML = msg2;
  }

}

function toggleAllBoxes() {
  if (document.getElementsByTagName) {
    d = document.getElementsByTagName('div');
    for (i = 0; i < d.length; i++) {
      if (d[i].className == 'log') {
        flip(d[i]);
      }
    }
  }
}

// -->
</script>

</head>
<body>
<h2 align='center'>EmployeeRestAPITest</h2><table border='1' align="center">
<tr>
<td>Tests passed/Failed/Skipped:</td><td>21/6/0</td>
</tr><tr>
<td>Started on:</td><td>Thu Nov 28 12:36:55 IST 2019</td>
</tr>
<tr><td>Total time:</td><td>19 seconds (19092 ms)</td>
</tr><tr>
<td>Included groups:</td><td></td>
</tr><tr>
<td>Excluded groups:</td><td></td>
</tr>
</table><p/>
<small><i>(Hover the method name to see the test class name)</i></small><p/>
<table width='100%' border='1' class='invocation-failed'>
<tr><td colspan='4' align='center'><b>FAILED TESTS</b></td></tr>
<tr><td><b>Test method</b></td>
<td width="30%"><b>Exception</b></td>
<td width="10%"><b>Time (seconds)</b></td>
<td><b>Instance</b></td>
</tr>
<tr>
<td title='com.employeeapi.testcases.TC_001_GET_Allemployeesdata.checkContentLength()'><b>checkContentLength</b><br>Test class: com.employeeapi.testcases.TC_001_GET_Allemployeesdata</td>
<td><div><pre>java.lang.NumberFormatException: null
	at java.base/java.lang.Integer.parseInt(Integer.java:614)
	at java.base/java.lang.Integer.parseInt(Integer.java:770)
	at com.employeeapi.testcases.TC_001_GET_Allemployeesdata.checkContentLength(TC_001_GET_Allemployeesdata.java:104)
... Removed 24 stack frames</pre></div><a href='#' onClick='toggleBox("stack-trace1979325411", this, "Click to show all stack frames", "Click to hide stack frames")'>Click to show all stack frames</a>
<div class='stack-trace' id='stack-trace1979325411'><pre>java.lang.NumberFormatException: null
	at java.base/java.lang.Integer.parseInt(Integer.java:614)
	at java.base/java.lang.Integer.parseInt(Integer.java:770)
	at com.employeeapi.testcases.TC_001_GET_Allemployeesdata.checkContentLength(TC_001_GET_Allemployeesdata.java:104)
	at java.base/jdk.internal.reflect.NativeMethodAccessorImpl.invoke0(Native Method)
	at java.base/jdk.internal.reflect.NativeMethodAccessorImpl.invoke(NativeMethodAccessorImpl.java:62)
	at java.base/jdk.internal.reflect.DelegatingMethodAccessorImpl.invoke(DelegatingMethodAccessorImpl.java:43)
	at java.base/java.lang.reflect.Method.invoke(Method.java:566)
	at org.testng.internal.MethodInvocationHelper.invokeMethod(MethodInvocationHelper.java:86)
	at org.testng.internal.Invoker.invokeMethod(Invoker.java:643)
	at org.testng.internal.Invoker.invokeTestMethod(Invoker.java:820)
	at org.testng.internal.Invoker.invokeTestMethods(Invoker.java:1128)
	at org.testng.internal.TestMethodWorker.invokeTestMethods(TestMethodWorker.java:129)
	at org.testng.internal.TestMethodWorker.run(TestMethodWorker.java:112)
	at org.testng.TestRunner.privateRun(TestRunner.java:782)
	at org.testng.TestRunner.run(TestRunner.java:632)
	at org.testng.SuiteRunner.runTest(SuiteRunner.java:366)
	at org.testng.SuiteRunner.runSequentially(SuiteRunner.java:361)
	at org.testng.SuiteRunner.privateRun(SuiteRunner.java:319)
	at org.testng.SuiteRunner.run(SuiteRunner.java:268)
	at org.testng.SuiteRunnerWorker.runSuite(SuiteRunnerWorker.java:52)
	at org.testng.SuiteRunnerWorker.run(SuiteRunnerWorker.java:86)
	at org.testng.TestNG.runSuitesSequentially(TestNG.java:1244)
	at org.testng.TestNG.runSuitesLocally(TestNG.java:1169)
	at org.testng.TestNG.run(TestNG.java:1064)
	at org.testng.remote.AbstractRemoteTestNG.run(AbstractRemoteTestNG.java:114)
	at org.testng.remote.RemoteTestNG.initAndRun(RemoteTestNG.java:251)
	at org.testng.remote.RemoteTestNG.main(RemoteTestNG.java:77)
</pre></div></td>
<td>0</td>
<td>com.employeeapi.testcases.TC_001_GET_Allemployeesdata@7dc0f706</td></tr>
<tr>
<td title='com.employeeapi.testcases.TC_001_GET_Allemployeesdata.checkContentType()'><b>checkContentType</b><br>Test class: com.employeeapi.testcases.TC_001_GET_Allemployeesdata</td>
<td><div><pre>java.lang.AssertionError: expected [ext/html; charset=UTF-8] but found [text/html; charset=UTF-8]
	at com.employeeapi.testcases.TC_001_GET_Allemployeesdata.checkContentType(TC_001_GET_Allemployeesdata.java:82)
... Removed 30 stack frames</pre></div><a href='#' onClick='toggleBox("stack-trace1153511683", this, "Click to show all stack frames", "Click to hide stack frames")'>Click to show all stack frames</a>
<div class='stack-trace' id='stack-trace1153511683'><pre>java.lang.AssertionError: expected [ext/html; charset=UTF-8] but found [text/html; charset=UTF-8]
	at org.testng.Assert.fail(Assert.java:94)
	at org.testng.Assert.failNotEquals(Assert.java:513)
	at org.testng.Assert.assertEqualsImpl(Assert.java:135)
	at org.testng.Assert.assertEquals(Assert.java:116)
	at org.testng.Assert.assertEquals(Assert.java:190)
	at org.testng.Assert.assertEquals(Assert.java:200)
	at com.employeeapi.testcases.TC_001_GET_Allemployeesdata.checkContentType(TC_001_GET_Allemployeesdata.java:82)
	at java.base/jdk.internal.reflect.NativeMethodAccessorImpl.invoke0(Native Method)
	at java.base/jdk.internal.reflect.NativeMethodAccessorImpl.invoke(NativeMethodAccessorImpl.java:62)
	at java.base/jdk.internal.reflect.DelegatingMethodAccessorImpl.invoke(DelegatingMethodAccessorImpl.java:43)
	at java.base/java.lang.reflect.Method.invoke(Method.java:566)
	at org.testng.internal.MethodInvocationHelper.invokeMethod(MethodInvocationHelper.java:86)
	at org.testng.internal.Invoker.invokeMethod(Invoker.java:643)
	at org.testng.internal.Invoker.invokeTestMethod(Invoker.java:820)
	at org.testng.internal.Invoker.invokeTestMethods(Invoker.java:1128)
	at org.testng.internal.TestMethodWorker.invokeTestMethods(TestMethodWorker.java:129)
	at org.testng.internal.TestMethodWorker.run(TestMethodWorker.java:112)
	at org.testng.TestRunner.privateRun(TestRunner.java:782)
	at org.testng.TestRunner.run(TestRunner.java:632)
	at org.testng.SuiteRunner.runTest(SuiteRunner.java:366)
	at org.testng.SuiteRunner.runSequentially(SuiteRunner.java:361)
	at org.testng.SuiteRunner.privateRun(SuiteRunner.java:319)
	at org.testng.SuiteRunner.run(SuiteRunner.java:268)
	at org.testng.SuiteRunnerWorker.runSuite(SuiteRunnerWorker.java:52)
	at org.testng.SuiteRunnerWorker.run(SuiteRunnerWorker.java:86)
	at org.testng.TestNG.runSuitesSequentially(TestNG.java:1244)
	at org.testng.TestNG.runSuitesLocally(TestNG.java:1169)
	at org.testng.TestNG.run(TestNG.java:1064)
	at org.testng.remote.AbstractRemoteTestNG.run(AbstractRemoteTestNG.java:114)
	at org.testng.remote.RemoteTestNG.initAndRun(RemoteTestNG.java:251)
	at org.testng.remote.RemoteTestNG.main(RemoteTestNG.java:77)
</pre></div></td>
<td>0</td>
<td>com.employeeapi.testcases.TC_001_GET_Allemployeesdata@7dc0f706</td></tr>
<tr>
<td title='com.employeeapi.testcases.TC_001_GET_Allemployeesdata.checkResponseTime()'><b>checkResponseTime</b><br>Test class: com.employeeapi.testcases.TC_001_GET_Allemployeesdata</td>
<td><div><pre>java.lang.AssertionError: expected [true] but found [false]
	at com.employeeapi.testcases.TC_001_GET_Allemployeesdata.checkResponseTime(TC_001_GET_Allemployeesdata.java:58)
... Removed 28 stack frames</pre></div><a href='#' onClick='toggleBox("stack-trace1818453711", this, "Click to show all stack frames", "Click to hide stack frames")'>Click to show all stack frames</a>
<div class='stack-trace' id='stack-trace1818453711'><pre>java.lang.AssertionError: expected [true] but found [false]
	at org.testng.Assert.fail(Assert.java:94)
	at org.testng.Assert.failNotEquals(Assert.java:513)
	at org.testng.Assert.assertTrue(Assert.java:42)
	at org.testng.Assert.assertTrue(Assert.java:52)
	at com.employeeapi.testcases.TC_001_GET_Allemployeesdata.checkResponseTime(TC_001_GET_Allemployeesdata.java:58)
	at java.base/jdk.internal.reflect.NativeMethodAccessorImpl.invoke0(Native Method)
	at java.base/jdk.internal.reflect.NativeMethodAccessorImpl.invoke(NativeMethodAccessorImpl.java:62)
	at java.base/jdk.internal.reflect.DelegatingMethodAccessorImpl.invoke(DelegatingMethodAccessorImpl.java:43)
	at java.base/java.lang.reflect.Method.invoke(Method.java:566)
	at org.testng.internal.MethodInvocationHelper.invokeMethod(MethodInvocationHelper.java:86)
	at org.testng.internal.Invoker.invokeMethod(Invoker.java:643)
	at org.testng.internal.Invoker.invokeTestMethod(Invoker.java:820)
	at org.testng.internal.Invoker.invokeTestMethods(Invoker.java:1128)
	at org.testng.internal.TestMethodWorker.invokeTestMethods(TestMethodWorker.java:129)
	at org.testng.internal.TestMethodWorker.run(TestMethodWorker.java:112)
	at org.testng.TestRunner.privateRun(TestRunner.java:782)
	at org.testng.TestRunner.run(TestRunner.java:632)
	at org.testng.SuiteRunner.runTest(SuiteRunner.java:366)
	at org.testng.SuiteRunner.runSequentially(SuiteRunner.java:361)
	at org.testng.SuiteRunner.privateRun(SuiteRunner.java:319)
	at org.testng.SuiteRunner.run(SuiteRunner.java:268)
	at org.testng.SuiteRunnerWorker.runSuite(SuiteRunnerWorker.java:52)
	at org.testng.SuiteRunnerWorker.run(SuiteRunnerWorker.java:86)
	at org.testng.TestNG.runSuitesSequentially(TestNG.java:1244)
	at org.testng.TestNG.runSuitesLocally(TestNG.java:1169)
	at org.testng.TestNG.run(TestNG.java:1064)
	at org.testng.remote.AbstractRemoteTestNG.run(AbstractRemoteTestNG.java:114)
	at org.testng.remote.RemoteTestNG.initAndRun(RemoteTestNG.java:251)
	at org.testng.remote.RemoteTestNG.main(RemoteTestNG.java:77)
</pre></div></td>
<td>0</td>
<td>com.employeeapi.testcases.TC_001_GET_Allemployeesdata@7dc0f706</td></tr>
<tr>
<td title='com.employeeapi.testcases.TC_003_POST_Employee_Record.checkResponseTime()'><b>checkResponseTime</b><br>Test class: com.employeeapi.testcases.TC_003_POST_Employee_Record</td>
<td><div><pre>java.lang.AssertionError: expected [true] but found [false]
	at com.employeeapi.testcases.TC_003_POST_Employee_Record.checkResponseTime(TC_003_POST_Employee_Record.java:77)
... Removed 28 stack frames</pre></div><a href='#' onClick='toggleBox("stack-trace1512273713", this, "Click to show all stack frames", "Click to hide stack frames")'>Click to show all stack frames</a>
<div class='stack-trace' id='stack-trace1512273713'><pre>java.lang.AssertionError: expected [true] but found [false]
	at org.testng.Assert.fail(Assert.java:94)
	at org.testng.Assert.failNotEquals(Assert.java:513)
	at org.testng.Assert.assertTrue(Assert.java:42)
	at org.testng.Assert.assertTrue(Assert.java:52)
	at com.employeeapi.testcases.TC_003_POST_Employee_Record.checkResponseTime(TC_003_POST_Employee_Record.java:77)
	at java.base/jdk.internal.reflect.NativeMethodAccessorImpl.invoke0(Native Method)
	at java.base/jdk.internal.reflect.NativeMethodAccessorImpl.invoke(NativeMethodAccessorImpl.java:62)
	at java.base/jdk.internal.reflect.DelegatingMethodAccessorImpl.invoke(DelegatingMethodAccessorImpl.java:43)
	at java.base/java.lang.reflect.Method.invoke(Method.java:566)
	at org.testng.internal.MethodInvocationHelper.invokeMethod(MethodInvocationHelper.java:86)
	at org.testng.internal.Invoker.invokeMethod(Invoker.java:643)
	at org.testng.internal.Invoker.invokeTestMethod(Invoker.java:820)
	at org.testng.internal.Invoker.invokeTestMethods(Invoker.java:1128)
	at org.testng.internal.TestMethodWorker.invokeTestMethods(TestMethodWorker.java:129)
	at org.testng.internal.TestMethodWorker.run(TestMethodWorker.java:112)
	at org.testng.TestRunner.privateRun(TestRunner.java:782)
	at org.testng.TestRunner.run(TestRunner.java:632)
	at org.testng.SuiteRunner.runTest(SuiteRunner.java:366)
	at org.testng.SuiteRunner.runSequentially(SuiteRunner.java:361)
	at org.testng.SuiteRunner.privateRun(SuiteRunner.java:319)
	at org.testng.SuiteRunner.run(SuiteRunner.java:268)
	at org.testng.SuiteRunnerWorker.runSuite(SuiteRunnerWorker.java:52)
	at org.testng.SuiteRunnerWorker.run(SuiteRunnerWorker.java:86)
	at org.testng.TestNG.runSuitesSequentially(TestNG.java:1244)
	at org.testng.TestNG.runSuitesLocally(TestNG.java:1169)
	at org.testng.TestNG.run(TestNG.java:1064)
	at org.testng.remote.AbstractRemoteTestNG.run(AbstractRemoteTestNG.java:114)
	at org.testng.remote.RemoteTestNG.initAndRun(RemoteTestNG.java:251)
	at org.testng.remote.RemoteTestNG.main(RemoteTestNG.java:77)
</pre></div></td>
<td>0</td>
<td>com.employeeapi.testcases.TC_003_POST_Employee_Record@43c1b556</td></tr>
<tr>
<td title='com.employeeapi.testcases.TC_004_PUT_UpdateEmployee.checkResponseTime()'><b>checkResponseTime</b><br>Test class: com.employeeapi.testcases.TC_004_PUT_UpdateEmployee</td>
<td><div><pre>java.lang.AssertionError: expected [true] but found [false]
	at com.employeeapi.testcases.TC_004_PUT_UpdateEmployee.checkResponseTime(TC_004_PUT_UpdateEmployee.java:77)
... Removed 28 stack frames</pre></div><a href='#' onClick='toggleBox("stack-trace167550865", this, "Click to show all stack frames", "Click to hide stack frames")'>Click to show all stack frames</a>
<div class='stack-trace' id='stack-trace167550865'><pre>java.lang.AssertionError: expected [true] but found [false]
	at org.testng.Assert.fail(Assert.java:94)
	at org.testng.Assert.failNotEquals(Assert.java:513)
	at org.testng.Assert.assertTrue(Assert.java:42)
	at org.testng.Assert.assertTrue(Assert.java:52)
	at com.employeeapi.testcases.TC_004_PUT_UpdateEmployee.checkResponseTime(TC_004_PUT_UpdateEmployee.java:77)
	at java.base/jdk.internal.reflect.NativeMethodAccessorImpl.invoke0(Native Method)
	at java.base/jdk.internal.reflect.NativeMethodAccessorImpl.invoke(NativeMethodAccessorImpl.java:62)
	at java.base/jdk.internal.reflect.DelegatingMethodAccessorImpl.invoke(DelegatingMethodAccessorImpl.java:43)
	at java.base/java.lang.reflect.Method.invoke(Method.java:566)
	at org.testng.internal.MethodInvocationHelper.invokeMethod(MethodInvocationHelper.java:86)
	at org.testng.internal.Invoker.invokeMethod(Invoker.java:643)
	at org.testng.internal.Invoker.invokeTestMethod(Invoker.java:820)
	at org.testng.internal.Invoker.invokeTestMethods(Invoker.java:1128)
	at org.testng.internal.TestMethodWorker.invokeTestMethods(TestMethodWorker.java:129)
	at org.testng.internal.TestMethodWorker.run(TestMethodWorker.java:112)
	at org.testng.TestRunner.privateRun(TestRunner.java:782)
	at org.testng.TestRunner.run(TestRunner.java:632)
	at org.testng.SuiteRunner.runTest(SuiteRunner.java:366)
	at org.testng.SuiteRunner.runSequentially(SuiteRunner.java:361)
	at org.testng.SuiteRunner.privateRun(SuiteRunner.java:319)
	at org.testng.SuiteRunner.run(SuiteRunner.java:268)
	at org.testng.SuiteRunnerWorker.runSuite(SuiteRunnerWorker.java:52)
	at org.testng.SuiteRunnerWorker.run(SuiteRunnerWorker.java:86)
	at org.testng.TestNG.runSuitesSequentially(TestNG.java:1244)
	at org.testng.TestNG.runSuitesLocally(TestNG.java:1169)
	at org.testng.TestNG.run(TestNG.java:1064)
	at org.testng.remote.AbstractRemoteTestNG.run(AbstractRemoteTestNG.java:114)
	at org.testng.remote.RemoteTestNG.initAndRun(RemoteTestNG.java:251)
	at org.testng.remote.RemoteTestNG.main(RemoteTestNG.java:77)
</pre></div></td>
<td>0</td>
<td>com.employeeapi.testcases.TC_004_PUT_UpdateEmployee@587e5365</td></tr>
<tr>
<td title='com.employeeapi.testcases.TC_002_GET_SingleEmployeeDetails.checkStatuscode()'><b>checkStatuscode</b><br>Test class: com.employeeapi.testcases.TC_002_GET_SingleEmployeeDetails</td>
<td><div><pre>java.lang.AssertionError: expected [200] but found [404]
	at com.employeeapi.testcases.TC_002_GET_SingleEmployeeDetails.checkStatuscode(TC_002_GET_SingleEmployeeDetails.java:51)
... Removed 30 stack frames</pre></div><a href='#' onClick='toggleBox("stack-trace263656423", this, "Click to show all stack frames", "Click to hide stack frames")'>Click to show all stack frames</a>
<div class='stack-trace' id='stack-trace263656423'><pre>java.lang.AssertionError: expected [200] but found [404]
	at org.testng.Assert.fail(Assert.java:94)
	at org.testng.Assert.failNotEquals(Assert.java:513)
	at org.testng.Assert.assertEqualsImpl(Assert.java:135)
	at org.testng.Assert.assertEquals(Assert.java:116)
	at org.testng.Assert.assertEquals(Assert.java:389)
	at org.testng.Assert.assertEquals(Assert.java:399)
	at com.employeeapi.testcases.TC_002_GET_SingleEmployeeDetails.checkStatuscode(TC_002_GET_SingleEmployeeDetails.java:51)
	at java.base/jdk.internal.reflect.NativeMethodAccessorImpl.invoke0(Native Method)
	at java.base/jdk.internal.reflect.NativeMethodAccessorImpl.invoke(NativeMethodAccessorImpl.java:62)
	at java.base/jdk.internal.reflect.DelegatingMethodAccessorImpl.invoke(DelegatingMethodAccessorImpl.java:43)
	at java.base/java.lang.reflect.Method.invoke(Method.java:566)
	at org.testng.internal.MethodInvocationHelper.invokeMethod(MethodInvocationHelper.java:86)
	at org.testng.internal.Invoker.invokeMethod(Invoker.java:643)
	at org.testng.internal.Invoker.invokeTestMethod(Invoker.java:820)
	at org.testng.internal.Invoker.invokeTestMethods(Invoker.java:1128)
	at org.testng.internal.TestMethodWorker.invokeTestMethods(TestMethodWorker.java:129)
	at org.testng.internal.TestMethodWorker.run(TestMethodWorker.java:112)
	at org.testng.TestRunner.privateRun(TestRunner.java:782)
	at org.testng.TestRunner.run(TestRunner.java:632)
	at org.testng.SuiteRunner.runTest(SuiteRunner.java:366)
	at org.testng.SuiteRunner.runSequentially(SuiteRunner.java:361)
	at org.testng.SuiteRunner.privateRun(SuiteRunner.java:319)
	at org.testng.SuiteRunner.run(SuiteRunner.java:268)
	at org.testng.SuiteRunnerWorker.runSuite(SuiteRunnerWorker.java:52)
	at org.testng.SuiteRunnerWorker.run(SuiteRunnerWorker.java:86)
	at org.testng.TestNG.runSuitesSequentially(TestNG.java:1244)
	at org.testng.TestNG.runSuitesLocally(TestNG.java:1169)
	at org.testng.TestNG.run(TestNG.java:1064)
	at org.testng.remote.AbstractRemoteTestNG.run(AbstractRemoteTestNG.java:114)
	at org.testng.remote.RemoteTestNG.initAndRun(RemoteTestNG.java:251)
	at org.testng.remote.RemoteTestNG.main(RemoteTestNG.java:77)
</pre></div></td>
<td>0</td>
<td>com.employeeapi.testcases.TC_002_GET_SingleEmployeeDetails@4009e306</td></tr>
</table><p>
<table width='100%' border='1' class='invocation-passed'>
<tr><td colspan='4' align='center'><b>PASSED TESTS</b></td></tr>
<tr><td><b>Test method</b></td>
<td width="30%"><b>Exception</b></td>
<td width="10%"><b>Time (seconds)</b></td>
<td><b>Instance</b></td>
</tr>
<tr>
<td title='com.employeeapi.testcases.TC_003_POST_Employee_Record.checkContentType()'><b>checkContentType</b><br>Test class: com.employeeapi.testcases.TC_003_POST_Employee_Record</td>
<td></td>
<td>0</td>
<td>com.employeeapi.testcases.TC_003_POST_Employee_Record@43c1b556</td></tr>
<tr>
<td title='com.employeeapi.testcases.TC_004_PUT_UpdateEmployee.checkContentType()'><b>checkContentType</b><br>Test class: com.employeeapi.testcases.TC_004_PUT_UpdateEmployee</td>
<td></td>
<td>0</td>
<td>com.employeeapi.testcases.TC_004_PUT_UpdateEmployee@587e5365</td></tr>
<tr>
<td title='com.employeeapi.testcases.TC_005_DELETE_Employee.checkContentType()'><b>checkContentType</b><br>Test class: com.employeeapi.testcases.TC_005_DELETE_Employee</td>
<td></td>
<td>0</td>
<td>com.employeeapi.testcases.TC_005_DELETE_Employee@22fcf7ab</td></tr>
<tr>
<td title='com.employeeapi.testcases.TC_005_DELETE_Employee.checkResponseTime()'><b>checkResponseTime</b><br>Test class: com.employeeapi.testcases.TC_005_DELETE_Employee</td>
<td></td>
<td>0</td>
<td>com.employeeapi.testcases.TC_005_DELETE_Employee@22fcf7ab</td></tr>
<tr>
<td title='com.employeeapi.testcases.TC_001_GET_Allemployeesdata.checkResponsebody()'><b>checkResponsebody</b><br>Test class: com.employeeapi.testcases.TC_001_GET_Allemployeesdata</td>
<td></td>
<td>0</td>
<td>com.employeeapi.testcases.TC_001_GET_Allemployeesdata@7dc0f706</td></tr>
<tr>
<td title='com.employeeapi.testcases.TC_002_GET_SingleEmployeeDetails.checkResponsebody()'><b>checkResponsebody</b><br>Test class: com.employeeapi.testcases.TC_002_GET_SingleEmployeeDetails</td>
<td></td>
<td>0</td>
<td>com.employeeapi.testcases.TC_002_GET_SingleEmployeeDetails@4009e306</td></tr>
<tr>
<td title='com.employeeapi.testcases.TC_003_POST_Employee_Record.checkResponsebody()'><b>checkResponsebody</b><br>Test class: com.employeeapi.testcases.TC_003_POST_Employee_Record</td>
<td></td>
<td>0</td>
<td>com.employeeapi.testcases.TC_003_POST_Employee_Record@43c1b556</td></tr>
<tr>
<td title='com.employeeapi.testcases.TC_004_PUT_UpdateEmployee.checkResponsebody()'><b>checkResponsebody</b><br>Test class: com.employeeapi.testcases.TC_004_PUT_UpdateEmployee</td>
<td></td>
<td>0</td>
<td>com.employeeapi.testcases.TC_004_PUT_UpdateEmployee@587e5365</td></tr>
<tr>
<td title='com.employeeapi.testcases.TC_005_DELETE_Employee.checkResponsebody()'><b>checkResponsebody</b><br>Test class: com.employeeapi.testcases.TC_005_DELETE_Employee</td>
<td></td>
<td>0</td>
<td>com.employeeapi.testcases.TC_005_DELETE_Employee@22fcf7ab</td></tr>
<tr>
<td title='com.employeeapi.testcases.TC_001_GET_Allemployeesdata.checkServerType()'><b>checkServerType</b><br>Test class: com.employeeapi.testcases.TC_001_GET_Allemployeesdata</td>
<td></td>
<td>0</td>
<td>com.employeeapi.testcases.TC_001_GET_Allemployeesdata@7dc0f706</td></tr>
<tr>
<td title='com.employeeapi.testcases.TC_003_POST_Employee_Record.checkServerType()'><b>checkServerType</b><br>Test class: com.employeeapi.testcases.TC_003_POST_Employee_Record</td>
<td></td>
<td>0</td>
<td>com.employeeapi.testcases.TC_003_POST_Employee_Record@43c1b556</td></tr>
<tr>
<td title='com.employeeapi.testcases.TC_004_PUT_UpdateEmployee.checkServerType()'><b>checkServerType</b><br>Test class: com.employeeapi.testcases.TC_004_PUT_UpdateEmployee</td>
<td></td>
<td>0</td>
<td>com.employeeapi.testcases.TC_004_PUT_UpdateEmployee@587e5365</td></tr>
<tr>
<td title='com.employeeapi.testcases.TC_005_DELETE_Employee.checkServerType()'><b>checkServerType</b><br>Test class: com.employeeapi.testcases.TC_005_DELETE_Employee</td>
<td></td>
<td>0</td>
<td>com.employeeapi.testcases.TC_005_DELETE_Employee@22fcf7ab</td></tr>
<tr>
<td title='com.employeeapi.testcases.TC_001_GET_Allemployeesdata.checkStatusLine()'><b>checkStatusLine</b><br>Test class: com.employeeapi.testcases.TC_001_GET_Allemployeesdata</td>
<td></td>
<td>0</td>
<td>com.employeeapi.testcases.TC_001_GET_Allemployeesdata@7dc0f706</td></tr>
<tr>
<td title='com.employeeapi.testcases.TC_003_POST_Employee_Record.checkStatusLine()'><b>checkStatusLine</b><br>Test class: com.employeeapi.testcases.TC_003_POST_Employee_Record</td>
<td></td>
<td>0</td>
<td>com.employeeapi.testcases.TC_003_POST_Employee_Record@43c1b556</td></tr>
<tr>
<td title='com.employeeapi.testcases.TC_004_PUT_UpdateEmployee.checkStatusLine()'><b>checkStatusLine</b><br>Test class: com.employeeapi.testcases.TC_004_PUT_UpdateEmployee</td>
<td></td>
<td>0</td>
<td>com.employeeapi.testcases.TC_004_PUT_UpdateEmployee@587e5365</td></tr>
<tr>
<td title='com.employeeapi.testcases.TC_005_DELETE_Employee.checkStatusLine()'><b>checkStatusLine</b><br>Test class: com.employeeapi.testcases.TC_005_DELETE_Employee</td>
<td></td>
<td>0</td>
<td>com.employeeapi.testcases.TC_005_DELETE_Employee@22fcf7ab</td></tr>
<tr>
<td title='com.employeeapi.testcases.TC_001_GET_Allemployeesdata.checkStatuscode()'><b>checkStatuscode</b><br>Test class: com.employeeapi.testcases.TC_001_GET_Allemployeesdata</td>
<td></td>
<td>0</td>
<td>com.employeeapi.testcases.TC_001_GET_Allemployeesdata@7dc0f706</td></tr>
<tr>
<td title='com.employeeapi.testcases.TC_003_POST_Employee_Record.checkStatuscode()'><b>checkStatuscode</b><br>Test class: com.employeeapi.testcases.TC_003_POST_Employee_Record</td>
<td></td>
<td>0</td>
<td>com.employeeapi.testcases.TC_003_POST_Employee_Record@43c1b556</td></tr>
<tr>
<td title='com.employeeapi.testcases.TC_004_PUT_UpdateEmployee.checkStatuscode()'><b>checkStatuscode</b><br>Test class: com.employeeapi.testcases.TC_004_PUT_UpdateEmployee</td>
<td></td>
<td>0</td>
<td>com.employeeapi.testcases.TC_004_PUT_UpdateEmployee@587e5365</td></tr>
<tr>
<td title='com.employeeapi.testcases.TC_005_DELETE_Employee.checkStatuscode()'><b>checkStatuscode</b><br>Test class: com.employeeapi.testcases.TC_005_DELETE_Employee</td>
<td></td>
<td>0</td>
<td>com.employeeapi.testcases.TC_005_DELETE_Employee@22fcf7ab</td></tr>
</table><p>
</body>
</html>